android/app/build/intermediates/manifest_merge_blame_file/debug/processDebugMainManifest/manifest-merger-blame-debug-report.txt
1<?xml version="1.0" encoding="utf-8"?>
2<manifest xmlns:android="http://schemas.android.com/apk/res/android"
3    package="com.fintracker.app"
4    android:versionCode="1"
5    android:versionName="1.0" >
6
7    <uses-sdk
8        android:minSdkVersion="24"
9        android:targetSdkVersion="36" />
10
11    <!-- Permissions -->
12
13    <uses-permission android:name="android.permission.INTERNET" />
13-->src\main\AndroidManifest.xml:40:5-67
13-->src\main\AndroidManifest.xml:40:22-64
14    <uses-permission android:name="android.permission.SCHEDULE_EXACT_ALARM" />
14-->src\main\AndroidManifest.xml:41:5-79
14-->src\main\AndroidManifest.xml:41:22-76
15    <uses-permission android:name="android.permission.USE_EXACT_ALARM" />
15-->src\main\AndroidManifest.xml:42:5-74
15-->src\main\AndroidManifest.xml:42:22-71
16    <uses-permission android:name="android.permission.RECEIVE_BOOT_COMPLETED" />
16-->src\main\AndroidManifest.xml:43:5-80
16-->src\main\AndroidManifest.xml:43:22-78
17    <uses-permission android:name="android.permission.WAKE_LOCK" />
17-->src\main\AndroidManifest.xml:44:5-68
17-->src\main\AndroidManifest.xml:44:22-65
18    <uses-permission android:name="android.permission.VIBRATE" />
18-->src\main\AndroidManifest.xml:45:5-66
18-->src\main\AndroidManifest.xml:45:22-63
19    <uses-permission android:name="android.permission.POST_NOTIFICATIONS" />
19-->src\main\AndroidManifest.xml:46:5-76
19-->src\main\AndroidManifest.xml:46:22-74
20
21    <permission
21-->[androidx.core:core:1.17.0] AndroidManifest.xml:22:5-24:47
22        android:name="com.fintracker.app.DYNAMIC_RECEIVER_NOT_EXPORTED_PERMISSION"
22-->[androidx.core:core:1.17.0] AndroidManifest.xml:23:9-81
23        android:protectionLevel="signature" />
23-->[androidx.core:core:1.17.0] AndroidManifest.xml:24:9-44
24
25    <uses-permission android:name="com.fintracker.app.DYNAMIC_RECEIVER_NOT_EXPORTED_PERMISSION" />
25-->[androidx.core:core:1.17.0] AndroidManifest.xml:26:5-97
25-->[androidx.core:core:1.17.0] AndroidManifest.xml:26:22-94
26
27    <application
27-->src\main\AndroidManifest.xml:4:5-36:19
28        android:allowBackup="true"
28-->src\main\AndroidManifest.xml:5:9-35
29        android:appComponentFactory="androidx.core.app.CoreComponentFactory"
29-->[androidx.core:core:1.17.0] AndroidManifest.xml:28:18-86
30        android:debuggable="true"
31        android:extractNativeLibs="false"
32        android:icon="@mipmap/ic_launcher"
32-->src\main\AndroidManifest.xml:6:9-43
33        android:label="@string/app_name"
33-->src\main\AndroidManifest.xml:7:9-41
34        android:roundIcon="@mipmap/ic_launcher_round"
34-->src\main\AndroidManifest.xml:8:9-54
35        android:supportsRtl="true"
35-->src\main\AndroidManifest.xml:9:9-35
36        android:theme="@style/AppTheme" >
36-->src\main\AndroidManifest.xml:10:9-40
37        <activity
37-->src\main\AndroidManifest.xml:12:9-25:20
38            android:name="com.fintracker.app.MainActivity"
38-->src\main\AndroidManifest.xml:14:13-41
39            android:configChanges="orientation|keyboardHidden|keyboard|screenSize|locale|smallestScreenSize|screenLayout|uiMode|navigation|density"
39-->src\main\AndroidManifest.xml:13:13-148
40            android:exported="true"
40-->src\main\AndroidManifest.xml:18:13-36
41            android:label="@string/title_activity_main"
41-->src\main\AndroidManifest.xml:15:13-56
42            android:launchMode="singleTask"
42-->src\main\AndroidManifest.xml:17:13-44
43            android:theme="@style/AppTheme.NoActionBarLaunch" >
43-->src\main\AndroidManifest.xml:16:13-62
44            <intent-filter>
44-->src\main\AndroidManifest.xml:20:13-23:29
45                <action android:name="android.intent.action.MAIN" />
45-->src\main\AndroidManifest.xml:21:17-69
45-->src\main\AndroidManifest.xml:21:25-66
46
47                <category android:name="android.intent.category.LAUNCHER" />
47-->src\main\AndroidManifest.xml:22:17-77
47-->src\main\AndroidManifest.xml:22:27-74
48            </intent-filter>
49        </activity>
50
51        <provider
52            android:name="androidx.core.content.FileProvider"
52-->src\main\AndroidManifest.xml:28:13-62
53            android:authorities="com.fintracker.app.fileprovider"
53-->src\main\AndroidManifest.xml:29:13-64
54            android:exported="false"
54-->src\main\AndroidManifest.xml:30:13-37
55            android:grantUriPermissions="true" >
55-->src\main\AndroidManifest.xml:31:13-47
56            <meta-data
56-->src\main\AndroidManifest.xml:32:13-34:64
57                android:name="android.support.FILE_PROVIDER_PATHS"
57-->src\main\AndroidManifest.xml:33:17-67
58                android:resource="@xml/file_paths" />
58-->src\main\AndroidManifest.xml:34:17-51
59        </provider>
60
61        <receiver android:name="com.capacitorjs.plugins.localnotifications.TimedNotificationPublisher" />
61-->[:capacitor-local-notifications] AndroidManifest.xml:12:9-106
61-->[:capacitor-local-notifications] AndroidManifest.xml:12:19-103
62        <receiver android:name="com.capacitorjs.plugins.localnotifications.NotificationDismissReceiver" />
62-->[:capacitor-local-notifications] AndroidManifest.xml:13:9-107
62-->[:capacitor-local-notifications] AndroidManifest.xml:13:19-104
63        <receiver
63-->[:capacitor-local-notifications] AndroidManifest.xml:14:9-23:20
64            android:name="com.capacitorjs.plugins.localnotifications.LocalNotificationRestoreReceiver"
64-->[:capacitor-local-notifications] AndroidManifest.xml:15:13-103
65            android:directBootAware="true"
65-->[:capacitor-local-notifications] AndroidManifest.xml:16:13-43
66            android:exported="false" >
66-->[:capacitor-local-notifications] AndroidManifest.xml:17:13-37
67            <intent-filter>
67-->[:capacitor-local-notifications] AndroidManifest.xml:18:13-22:29
68                <action android:name="android.intent.action.LOCKED_BOOT_COMPLETED" />
68-->[:capacitor-local-notifications] AndroidManifest.xml:19:17-86
68-->[:capacitor-local-notifications] AndroidManifest.xml:19:25-83
69                <action android:name="android.intent.action.BOOT_COMPLETED" />
69-->[:capacitor-local-notifications] AndroidManifest.xml:20:17-79
69-->[:capacitor-local-notifications] AndroidManifest.xml:20:25-76
70                <action android:name="android.intent.action.QUICKBOOT_POWERON" />
70-->[:capacitor-local-notifications] AndroidManifest.xml:21:17-82
70-->[:capacitor-local-notifications] AndroidManifest.xml:21:25-79
71            </intent-filter>
72        </receiver>
73
74        <provider
74-->[androidx.emoji2:emoji2:1.3.0] AndroidManifest.xml:24:9-32:20
75            android:name="androidx.startup.InitializationProvider"
75-->[androidx.emoji2:emoji2:1.3.0] AndroidManifest.xml:25:13-67
76            android:authorities="com.fintracker.app.androidx-startup"
76-->[androidx.emoji2:emoji2:1.3.0] AndroidManifest.xml:26:13-68
77            android:exported="false" >
77-->[androidx.emoji2:emoji2:1.3.0] AndroidManifest.xml:27:13-37
78            <meta-data
78-->[androidx.emoji2:emoji2:1.3.0] AndroidManifest.xml:29:13-31:52
79                android:name="androidx.emoji2.text.EmojiCompatInitializer"
79-->[androidx.emoji2:emoji2:1.3.0] AndroidManifest.xml:30:17-75
80                android:value="androidx.startup" />
80-->[androidx.emoji2:emoji2:1.3.0] AndroidManifest.xml:31:17-49
81            <meta-data
81-->[androidx.lifecycle:lifecycle-process:2.6.2] AndroidManifest.xml:29:13-31:52
82                android:name="androidx.lifecycle.ProcessLifecycleInitializer"
82-->[androidx.lifecycle:lifecycle-process:2.6.2] AndroidManifest.xml:30:17-78
83                android:value="androidx.startup" />
83-->[androidx.lifecycle:lifecycle-process:2.6.2] AndroidManifest.xml:31:17-49
84            <meta-data
84-->[androidx.profileinstaller:profileinstaller:1.4.0] AndroidManifest.xml:29:13-31:52
85                android:name="androidx.profileinstaller.ProfileInstallerInitializer"
85-->[androidx.profileinstaller:profileinstaller:1.4.0] AndroidManifest.xml:30:17-85
86                android:value="androidx.startup" />
86-->[androidx.profileinstaller:profileinstaller:1.4.0] AndroidManifest.xml:31:17-49
87        </provider>
88
89        <receiver
89-->[androidx.profileinstaller:profileinstaller:1.4.0] AndroidManifest.xml:34:9-52:20
90            android:name="androidx.profileinstaller.ProfileInstallReceiver"
90-->[androidx.profileinstaller:profileinstaller:1.4.0] AndroidManifest.xml:35:13-76
91            android:directBootAware="false"
91-->[androidx.profileinstaller:profileinstaller:1.4.0] AndroidManifest.xml:36:13-44
92            android:enabled="true"
92-->[androidx.profileinstaller:profileinstaller:1.4.0] AndroidManifest.xml:37:13-35
93            android:exported="true"
93-->[androidx.profileinstaller:profileinstaller:1.4.0] AndroidManifest.xml:38:13-36
94            android:permission="android.permission.DUMP" >
94-->[androidx.profileinstaller:profileinstaller:1.4.0] AndroidManifest.xml:39:13-57
95            <intent-filter>
95-->[androidx.profileinstaller:profileinstaller:1.4.0] AndroidManifest.xml:40:13-42:29
96                <action android:name="androidx.profileinstaller.action.INSTALL_PROFILE" />
96-->[androidx.profileinstaller:profileinstaller:1.4.0] AndroidManifest.xml:41:17-91
96-->[androidx.profileinstaller:profileinstaller:1.4.0] AndroidManifest.xml:41:25-88
97            </intent-filter>
98            <intent-filter>
98-->[androidx.profileinstaller:profileinstaller:1.4.0] AndroidManifest.xml:43:13-45:29
99                <action android:name="androidx.profileinstaller.action.SKIP_FILE" />
99-->[androidx.profileinstaller:profileinstaller:1.4.0] AndroidManifest.xml:44:17-85
99-->[androidx.profileinstaller:profileinstaller:1.4.0] AndroidManifest.xml:44:25-82
100            </intent-filter>
101            <intent-filter>
101-->[androidx.profileinstaller:profileinstaller:1.4.0] AndroidManifest.xml:46:13-48:29
102                <action android:name="androidx.profileinstaller.action.SAVE_PROFILE" />
102-->[androidx.profileinstaller:profileinstaller:1.4.0] AndroidManifest.xml:47:17-88
102-->[androidx.profileinstaller:profileinstaller:1.4.0] AndroidManifest.xml:47:25-85
103            </intent-filter>
104            <intent-filter>
104-->[androidx.profileinstaller:profileinstaller:1.4.0] AndroidManifest.xml:49:13-51:29
105                <action android:name="androidx.profileinstaller.action.BENCHMARK_OPERATION" />
105-->[androidx.profileinstaller:profileinstaller:1.4.0] AndroidManifest.xml:50:17-95
105-->[androidx.profileinstaller:profileinstaller:1.4.0] AndroidManifest.xml:50:25-92
106            </intent-filter>
107        </receiver>
108    </application>
109
110</manifest>